c:\users\270161698\onedrive - up education\documents\github\taxi_service_official_2\taxi project\taxi project\x64\debug\vc142.pdb
c:\users\270161698\onedrive - up education\documents\github\taxi_service_official_2\taxi project\taxi project\x64\debug\vc142.idb
c:\users\270161698\onedrive - up education\documents\github\taxi_service_official_2\taxi project\taxi project\x64\debug\userdriverloggedin.obj
c:\users\270161698\onedrive - up education\documents\github\taxi_service_official_2\taxi project\taxi project\x64\debug\taxi_service_offiicial_2.obj
c:\users\270161698\onedrive - up education\documents\github\taxi_service_official_2\taxi project\taxi project\x64\debug\functions.obj
c:\users\270161698\onedrive - up education\documents\github\taxi_service_official_2\taxi project\taxi project\x64\debug\landing.obj
c:\users\270161698\onedrive - up education\documents\github\taxi_service_official_2\taxi project\taxi project\x64\debug\tripbooking.obj
c:\users\270161698\onedrive - up education\documents\github\taxi_service_official_2\taxi project\taxi project\x64\debug\driverregistration.obj
c:\users\270161698\onedrive - up education\documents\github\taxi_service_official_2\taxi project\taxi project\x64\debug\adminloggedin.obj
c:\users\270161698\onedrive - up education\documents\github\taxi_service_official_2\taxi project\taxi project\x64\debug\customerregistration.obj
c:\users\270161698\onedrive - up education\documents\github\taxi_service_official_2\taxi project\x64\debug\taxi project.pdb
c:\users\270161698\onedrive - up education\documents\github\taxi_service_official_2\taxi project\taxi project\x64\debug\taxi project.tlog\cl.command.1.tlog
c:\users\270161698\onedrive - up education\documents\github\taxi_service_official_2\taxi project\taxi project\x64\debug\taxi project.tlog\cl.read.1.tlog
c:\users\270161698\onedrive - up education\documents\github\taxi_service_official_2\taxi project\taxi project\x64\debug\taxi project.tlog\cl.write.1.tlog
c:\users\270161698\onedrive - up education\documents\github\taxi_service_official_2\taxi project\taxi project\x64\debug\taxi project.tlog\link-cvtres.read.1.tlog
c:\users\270161698\onedrive - up education\documents\github\taxi_service_official_2\taxi project\taxi project\x64\debug\taxi project.tlog\link-cvtres.write.1.tlog
c:\users\270161698\onedrive - up education\documents\github\taxi_service_official_2\taxi project\taxi project\x64\debug\taxi project.tlog\link-rc.read.1.tlog
c:\users\270161698\onedrive - up education\documents\github\taxi_service_official_2\taxi project\taxi project\x64\debug\taxi project.tlog\link-rc.write.1.tlog
c:\users\270161698\onedrive - up education\documents\github\taxi_service_official_2\taxi project\taxi project\x64\debug\taxi project.tlog\link.command.1.tlog
c:\users\270161698\onedrive - up education\documents\github\taxi_service_official_2\taxi project\taxi project\x64\debug\taxi project.tlog\link.read.1.tlog
c:\users\270161698\onedrive - up education\documents\github\taxi_service_official_2\taxi project\taxi project\x64\debug\taxi project.tlog\link.write.1.tlog
